Build started 08/02/2015 13:21:11.
     1>Project "C:\Users\Mindy\Desktop\CompGamesProgramming\Computer_Graphics\Example_6_1\Example_6_1.vcxproj" on node 2 (build target(s)).
     1>InitializeBuildStatus:
         Creating "Debug\Example_6_1.unsuccessfulbuild" because "AlwaysCreate" was specified.
       ClCompile:
         c:\Program Files (x86)\Microsoft Visual Studio 10.0\VC\bin\CL.exe /c /ZI /nologo /W3 /WX- /Od /Oy- /D WIN32 /D _DEBUG /D _CONSOLE /D _UNICODE /D UNICODE /Gm /EHsc /RTC1 /MDd /GS /fp:precise /Zc:wchar_t /Zc:forScope /Yc"StdAfx.h" /Fp"Debug\Example_6_1.pch" /Fo"Debug\\" /Fd"Debug\vc100.pdb" /Gd /TP /analyze- /errorReport:prompt stdafx.cpp
         stdafx.cpp
         c:\Program Files (x86)\Microsoft Visual Studio 10.0\VC\bin\CL.exe /c /ZI /nologo /W3 /WX- /Od /Oy- /D WIN32 /D _DEBUG /D _CONSOLE /D _UNICODE /D UNICODE /Gm /EHsc /RTC1 /MDd /GS /fp:precise /Zc:wchar_t /Zc:forScope /Yu"StdAfx.h" /Fp"Debug\Example_6_1.pch" /Fo"Debug\\" /Fd"Debug\vc100.pdb" /Gd /TP /analyze- /errorReport:prompt Example_6_1.cpp
         Example_6_1.cpp
       ManifestResourceCompile:
         C:\Program Files (x86)\Microsoft SDKs\Windows\v7.0A\bin\rc.exe /nologo /fo"Debug\Example_6_1.exe.embed.manifest.res" Debug\Example_6_1_manifest.rc 
       Link:
         c:\Program Files (x86)\Microsoft Visual Studio 10.0\VC\bin\link.exe /ERRORREPORT:PROMPT /OUT:"C:\Users\Mindy\Desktop\CompGamesProgramming\Computer_Graphics\Debug\Example_6_1.exe" /INCREMENTAL /NOLOGO kernel32.lib user32.lib gdi32.lib winspool.lib comdlg32.lib advapi32.lib shell32.lib ole32.lib oleaut32.lib uuid.lib odbc32.lib odbccp32.lib /MANIFEST /ManifestFile:"Debug\Example_6_1.exe.intermediate.manifest" /MANIFESTUAC:"level='asInvoker' uiAccess='false'" /DEBUG /PDB:"C:\Users\Mindy\Desktop\CompGamesProgramming\Computer_Graphics\Debug\Example_6_1.pdb" /SUBSYSTEM:CONSOLE /TLBID:1 /DYNAMICBASE /NXCOMPAT /IMPLIB:"C:\Users\Mindy\Desktop\CompGamesProgramming\Computer_Graphics\Debug\Example_6_1.lib" /MACHINE:X86 Debug\Example_6_1.exe.embed.manifest.res
         Debug\Example_6_1.obj
         Debug\stdafx.obj
       Manifest:
         C:\Program Files (x86)\Microsoft SDKs\Windows\v7.0A\bin\mt.exe /nologo /verbose /out:"Debug\Example_6_1.exe.embed.manifest" /manifest Debug\Example_6_1.exe.intermediate.manifest
         C:\Program Files (x86)\Microsoft SDKs\Windows\v7.0A\bin\rc.exe /nologo /fo"Debug\Example_6_1.exe.embed.manifest.res" Debug\Example_6_1_manifest.rc 
       LinkEmbedManifest:
         c:\Program Files (x86)\Microsoft Visual Studio 10.0\VC\bin\link.exe /ERRORREPORT:PROMPT /OUT:"C:\Users\Mindy\Desktop\CompGamesProgramming\Computer_Graphics\Debug\Example_6_1.exe" /INCREMENTAL /NOLOGO kernel32.lib user32.lib gdi32.lib winspool.lib comdlg32.lib advapi32.lib shell32.lib ole32.lib oleaut32.lib uuid.lib odbc32.lib odbccp32.lib /MANIFEST /ManifestFile:"Debug\Example_6_1.exe.intermediate.manifest" /MANIFESTUAC:"level='asInvoker' uiAccess='false'" /DEBUG /PDB:"C:\Users\Mindy\Desktop\CompGamesProgramming\Computer_Graphics\Debug\Example_6_1.pdb" /SUBSYSTEM:CONSOLE /TLBID:1 /DYNAMICBASE /NXCOMPAT /IMPLIB:"C:\Users\Mindy\Desktop\CompGamesProgramming\Computer_Graphics\Debug\Example_6_1.lib" /MACHINE:X86 Debug\Example_6_1.exe.embed.manifest.res
         Debug\Example_6_1.obj
         Debug\stdafx.obj
         Example_6_1.vcxproj -> C:\Users\Mindy\Desktop\CompGamesProgramming\Computer_Graphics\Debug\Example_6_1.exe
       FinalizeBuildStatus:
         Deleting file "Debug\Example_6_1.unsuccessfulbuild".
         Touching "Debug\Example_6_1.lastbuildstate".
     1>Done Building Project "C:\Users\Mindy\Desktop\CompGamesProgramming\Computer_Graphics\Example_6_1\Example_6_1.vcxproj" (build target(s)).

Build succeeded.

Time Elapsed 00:00:01.39
